<?xml version="1.0" encoding="UTF-8"?>
<!-- Generated by org.testng.reporters.JUnitXMLReporter -->
<testsuite ignored="0" hostname="DESKTOP-D6HS9U5" failures="0" tests="5" name="Default test" time="54.296" errors="0" timestamp="2023-07-16T09:48:52 EDT">
  <testcase classname="com.demo.nopcommerce.AutomationFramework.Tests.CheckoutPage7Test" name="validateRegistration" time="3.227"/>
  <testcase classname="com.demo.nopcommerce.AutomationFramework.Tests.CheckoutPage7Test" name="validateWishList" time="4.268"/>
  <testcase classname="com.demo.nopcommerce.AutomationFramework.Tests.CheckoutPage7Test" name="validateFeaturedProducts" time="1.004"/>
  <testcase classname="com.demo.nopcommerce.AutomationFramework.Tests.CheckoutPage7Test" name="validateLogin" time="2.733"/>
  <testcase classname="com.demo.nopcommerce.AutomationFramework.Tests.CheckoutPage7Test" name="validateOrderSuccessfully" time="8.861"/>
</testsuite> <!-- Default test -->
