<?xml version="1.0" encoding="UTF-8"?>
<testng-results ignored="0" total="5" passed="5" failed="0" skipped="0">
  <reporter-output>
  </reporter-output>
  <suite started-at="2023-07-16T09:47:57 EDT" name="Default suite" finished-at="2023-07-16T09:48:51 EDT" duration-ms="54296">
    <groups>
    </groups>
    <test started-at="2023-07-16T09:47:57 EDT" name="Default test" finished-at="2023-07-16T09:48:51 EDT" duration-ms="54296">
      <class name="com.demo.nopcommerce.AutomationFramework.Tests.CheckoutPage7Test">
        <test-method is-config="true" signature="setUpLogger()[pri:0, instance:com.demo.nopcommerce.AutomationFramework.Tests.CheckoutPage7Test@69997e9d]" started-at="2023-07-16T09:47:57 EDT" name="setUpLogger" finished-at="2023-07-16T09:47:58 EDT" duration-ms="595" status="PASS">
          <reporter-output>
          </reporter-output>
        </test-method> <!-- setUpLogger -->
        <test-method is-config="true" signature="setup()[pri:0, instance:com.demo.nopcommerce.AutomationFramework.Tests.CheckoutPage7Test@69997e9d]" started-at="2023-07-16T09:47:58 EDT" name="setup" finished-at="2023-07-16T09:48:11 EDT" duration-ms="12656" status="PASS">
          <reporter-output>
          </reporter-output>
        </test-method> <!-- setup -->
        <test-method signature="validateRegistration()[pri:0, instance:com.demo.nopcommerce.AutomationFramework.Tests.CheckoutPage7Test@69997e9d]" started-at="2023-07-16T09:48:11 EDT" name="validateRegistration" finished-at="2023-07-16T09:48:14 EDT" duration-ms="3227" status="PASS">
          <reporter-output>
          </reporter-output>
        </test-method> <!-- validateRegistration -->
        <test-method is-config="true" signature="quit()[pri:0, instance:com.demo.nopcommerce.AutomationFramework.Tests.CheckoutPage7Test@69997e9d]" started-at="2023-07-16T09:48:14 EDT" name="quit" finished-at="2023-07-16T09:48:14 EDT" duration-ms="641" status="PASS">
          <reporter-output>
          </reporter-output>
        </test-method> <!-- quit -->
        <test-method is-config="true" signature="setup()[pri:0, instance:com.demo.nopcommerce.AutomationFramework.Tests.CheckoutPage7Test@69997e9d]" started-at="2023-07-16T09:48:14 EDT" name="setup" finished-at="2023-07-16T09:48:20 EDT" duration-ms="5038" status="PASS">
          <reporter-output>
          </reporter-output>
        </test-method> <!-- setup -->
        <test-method signature="validateWishList()[pri:0, instance:com.demo.nopcommerce.AutomationFramework.Tests.CheckoutPage7Test@69997e9d]" started-at="2023-07-16T09:48:20 EDT" name="validateWishList" finished-at="2023-07-16T09:48:24 EDT" duration-ms="4268" status="PASS">
          <reporter-output>
          </reporter-output>
        </test-method> <!-- validateWishList -->
        <test-method is-config="true" signature="quit()[pri:0, instance:com.demo.nopcommerce.AutomationFramework.Tests.CheckoutPage7Test@69997e9d]" started-at="2023-07-16T09:48:24 EDT" name="quit" finished-at="2023-07-16T09:48:26 EDT" duration-ms="2487" status="PASS">
          <reporter-output>
          </reporter-output>
        </test-method> <!-- quit -->
        <test-method is-config="true" signature="setup()[pri:0, instance:com.demo.nopcommerce.AutomationFramework.Tests.CheckoutPage7Test@69997e9d]" started-at="2023-07-16T09:48:26 EDT" name="setup" finished-at="2023-07-16T09:48:29 EDT" duration-ms="2565" status="PASS">
          <reporter-output>
          </reporter-output>
        </test-method> <!-- setup -->
        <test-method signature="validateFeaturedProducts()[pri:0, instance:com.demo.nopcommerce.AutomationFramework.Tests.CheckoutPage7Test@69997e9d]" started-at="2023-07-16T09:48:29 EDT" name="validateFeaturedProducts" finished-at="2023-07-16T09:48:30 EDT" duration-ms="1004" status="PASS">
          <reporter-output>
          </reporter-output>
        </test-method> <!-- validateFeaturedProducts -->
        <test-method is-config="true" signature="quit()[pri:0, instance:com.demo.nopcommerce.AutomationFramework.Tests.CheckoutPage7Test@69997e9d]" started-at="2023-07-16T09:48:30 EDT" name="quit" finished-at="2023-07-16T09:48:33 EDT" duration-ms="3177" status="PASS">
          <reporter-output>
          </reporter-output>
        </test-method> <!-- quit -->
        <test-method is-config="true" signature="setup()[pri:0, instance:com.demo.nopcommerce.AutomationFramework.Tests.CheckoutPage7Test@69997e9d]" started-at="2023-07-16T09:48:33 EDT" name="setup" finished-at="2023-07-16T09:48:36 EDT" duration-ms="2667" status="PASS">
          <reporter-output>
          </reporter-output>
        </test-method> <!-- setup -->
        <test-method signature="validateLogin()[pri:0, instance:com.demo.nopcommerce.AutomationFramework.Tests.CheckoutPage7Test@69997e9d]" started-at="2023-07-16T09:48:36 EDT" name="validateLogin" finished-at="2023-07-16T09:48:38 EDT" depends-on-methods="com.demo.nopcommerce.AutomationFramework.Tests.CheckoutPage7Test.validateRegistration" duration-ms="2733" status="PASS">
          <reporter-output>
          </reporter-output>
        </test-method> <!-- validateLogin -->
        <test-method is-config="true" signature="quit()[pri:0, instance:com.demo.nopcommerce.AutomationFramework.Tests.CheckoutPage7Test@69997e9d]" started-at="2023-07-16T09:48:38 EDT" name="quit" finished-at="2023-07-16T09:48:40 EDT" duration-ms="1157" status="PASS">
          <reporter-output>
          </reporter-output>
        </test-method> <!-- quit -->
        <test-method is-config="true" signature="setup()[pri:0, instance:com.demo.nopcommerce.AutomationFramework.Tests.CheckoutPage7Test@69997e9d]" started-at="2023-07-16T09:48:40 EDT" name="setup" finished-at="2023-07-16T09:48:42 EDT" duration-ms="2222" status="PASS">
          <reporter-output>
          </reporter-output>
        </test-method> <!-- setup -->
        <test-method signature="validateOrderSuccessfully()[pri:0, instance:com.demo.nopcommerce.AutomationFramework.Tests.CheckoutPage7Test@69997e9d]" started-at="2023-07-16T09:48:42 EDT" name="validateOrderSuccessfully" finished-at="2023-07-16T09:48:51 EDT" depends-on-methods="com.demo.nopcommerce.AutomationFramework.Tests.CheckoutPage7Test.validateLogin" duration-ms="8861" status="PASS">
          <reporter-output>
          </reporter-output>
        </test-method> <!-- validateOrderSuccessfully -->
        <test-method is-config="true" signature="quit()[pri:0, instance:com.demo.nopcommerce.AutomationFramework.Tests.CheckoutPage7Test@69997e9d]" started-at="2023-07-16T09:48:51 EDT" name="quit" finished-at="2023-07-16T09:48:51 EDT" duration-ms="836" status="PASS">
          <reporter-output>
          </reporter-output>
        </test-method> <!-- quit -->
      </class> <!-- com.demo.nopcommerce.AutomationFramework.Tests.CheckoutPage7Test -->
    </test> <!-- Default test -->
  </suite> <!-- Default suite -->
</testng-results>
